2024-07-16 15:03:36.364 [info] Added views:workbench.panel.markers.view in workbench.panel.markers
2024-07-16 15:03:36.364 [info] Added views:workbench.panel.output in workbench.panel.output
2024-07-16 15:03:36.364 [info] Added views:terminal in terminal
2024-07-16 15:03:36.364 [info] Added views:outline in workbench.view.explorer
2024-07-16 15:03:36.364 [info] Added views:workbench.scm in workbench.view.scm
2024-07-16 15:03:36.364 [info] Added views:workbench.view.search in workbench.view.search
2024-07-16 15:03:36.364 [info] Added views:timeline in workbench.view.explorer
2024-07-16 15:03:36.364 [info] Added views:workbench.explorer.fileView in workbench.view.explorer
2024-07-16 15:03:36.697 [info] Added views:gitlens.views.home,gitlens.views.workspaces,gitlens.views.account in workbench.view.extension.gitlens
2024-07-16 15:03:36.697 [info] Added views:gitlens.views.commitDetails,gitlens.views.lineHistory,gitlens.views.fileHistory,gitlens.views.searchAndCompare in workbench.view.extension.gitlensInspect
2024-07-16 15:03:36.698 [info] Added views:gitlens.views.commits,gitlens.views.branches,gitlens.views.remotes,gitlens.views.stashes,gitlens.views.tags,gitlens.views.contributors in workbench.view.scm
2024-07-16 15:03:36.794 [info] Added views:workbench.debug.variablesView,workbench.debug.watchExpressionsView,workbench.debug.callStackView,workbench.debug.breakPointsView in workbench.view.debug
2024-07-16 15:03:36.883 [info] Added views:workbench.panel.repl.view in workbench.panel.repl
2024-07-16 15:03:36.884 [info] Removed views:workbench.debug.breakPointsView,workbench.debug.callStackView,workbench.debug.watchExpressionsView,workbench.debug.variablesView from workbench.view.debug
2024-07-16 15:03:36.884 [info] Added views:workbench.debug.welcome in workbench.view.debug
2024-07-16 15:03:37.014 [info] Added views:~remote.forwardedPorts in ~remote.forwardedPortsContainer
2024-07-16 15:03:37.438 [info] Added views:workbench.view.testing in workbench.view.extension.test
2024-07-16 15:03:37.625 [info] Removed views:gitlens.views.workspaces from workbench.view.extension.gitlens
2024-07-16 15:03:37.651 [info] Removed views:gitlens.views.searchAndCompare,gitlens.views.fileHistory,gitlens.views.lineHistory,gitlens.views.commitDetails from workbench.view.extension.gitlensInspect
2024-07-16 15:03:37.651 [info] Removed views:gitlens.views.contributors,gitlens.views.tags,gitlens.views.stashes,gitlens.views.remotes,gitlens.views.branches,gitlens.views.commits from workbench.view.scm
2024-07-16 15:03:40.392 [info] Removed views:workbench.view.testing from workbench.view.extension.test
2024-07-16 15:03:40.393 [info] Added views:gitlens.views.drafts,gitlens.views.workspaces in workbench.view.extension.gitlens
2024-07-16 15:03:40.416 [info] Added views:gitlens.views.graph,gitlens.views.graphDetails in workbench.view.extension.gitlensPanel
2024-07-16 15:03:40.417 [info] Added views:gitlens.views.commitDetails,gitlens.views.lineHistory,gitlens.views.fileHistory,gitlens.views.timeline,gitlens.views.searchAndCompare in workbench.view.extension.gitlensInspect
2024-07-16 15:03:40.418 [info] Added views:gitlens.views.commits,gitlens.views.branches,gitlens.views.remotes,gitlens.views.stashes,gitlens.views.tags,gitlens.views.worktrees,gitlens.views.contributors in workbench.view.scm
2024-07-16 15:03:40.467 [info] Added views:workbench.view.testing in workbench.view.extension.test
